<!DOCTYPE html PUBLIC "-//W3C//DTD XHTML 1.1//EN" "http://www.w3.org/TR/xhtml11/DTD/xhtml11.dtd">
<html xmlns="http://www.w3.org/1999/xhtml"><head><title>TestNG Report</title><style type="text/css">table {margin-bottom:10px;border-collapse:collapse;empty-cells:show}th,td {border:1px solid #009;padding:.25em .5em}th {vertical-align:bottom}td {vertical-align:top}table a {font-weight:bold}.stripe td {background-color: #E6EBF9}.num {text-align:right}.passedodd td {background-color: #3F3}.passedeven td {background-color: #0A0}.skippedodd td {background-color: #DDD}.skippedeven td {background-color: #CCC}.failedodd td,.attn {background-color: #F33}.failedeven td,.stripe .attn {background-color: #D00}.stacktrace {white-space:pre;font-family:monospace}.totop {font-size:85%;text-align:center;border-bottom:2px solid #000}</style></head><body><table><tr><th>Test</th><th># Passed</th><th># Skipped</th><th># Failed</th><th>Time (ms)</th><th>Included Groups</th><th>Excluded Groups</th></tr><tr><th colspan="7">SpotifyTests</th></tr><tr><td><a href="#t0">Login</a></td><td class="num">0</td><td class="num attn">8</td><td class="num">0</td><td class="num">6,267</td><td></td><td></td></tr><tr class="stripe"><td><a href="#t1">Search</a></td><td class="num">4</td><td class="num">0</td><td class="num attn">4</td><td class="num">66,607</td><td></td><td></td></tr><tr><td><a href="#t2">Play</a></td><td class="num">3</td><td class="num">0</td><td class="num">0</td><td class="num">42,470</td><td></td><td></td></tr><tr class="stripe"><td><a href="#t3">AddSong</a></td><td class="num">0</td><td class="num attn">2</td><td class="num">0</td><td class="num">20,137</td><td></td><td></td></tr><tr><th>Total</th><th class="num">7</th><th class="num attn">10</th><th class="num attn">4</th><th class="num">135,481</th><th colspan="2"></th></tr></table><table><thead><tr><th>Class</th><th>Method</th><th>Start</th><th>Time (ms)</th></tr></thead><tbody><tr><th colspan="4">SpotifyTests</th></tr></tbody><tbody id="t0"><tr><th colspan="4">Login &#8212; failed (configuration methods)</th></tr><tr class="failedeven"><td rowspan="1">com.spotify.test.login.LoginTest</td><td><a href="#m0">setupTest</a></td><td rowspan="1">1461907736016</td><td rowspan="1">0</td></tr><tr><th colspan="4">Login &#8212; skipped (configuration methods)</th></tr><tr class="skippedeven"><td rowspan="9">com.spotify.test.login.LoginTest</td><td><a href="#m1">betweenTests</a></td><td rowspan="8">1461907741955</td><td rowspan="8">0</td></tr><tr class="skippedeven"><td><a href="#m2">betweenTests</a></td></tr><tr class="skippedeven"><td><a href="#m3">betweenTests</a></td></tr><tr class="skippedeven"><td><a href="#m4">betweenTests</a></td></tr><tr class="skippedeven"><td><a href="#m5">betweenTests</a></td></tr><tr class="skippedeven"><td><a href="#m6">betweenTests</a></td></tr><tr class="skippedeven"><td><a href="#m7">betweenTests</a></td></tr><tr class="skippedeven"><td><a href="#m8">betweenTests</a></td></tr><tr class="skippedeven"><td><a href="#m9">endTasks</a></td><td rowspan="1">1461907742271</td><td rowspan="1">0</td></tr><tr><th colspan="4">Login &#8212; skipped</th></tr><tr class="skippedeven"><td rowspan="8">com.spotify.test.login.LoginTest</td><td><a href="#m10">checkRememberMe</a></td><td rowspan="1">1461907742111</td><td rowspan="1">1</td></tr><tr class="skippedeven"><td><a href="#m11">checkWithoutRememberMe</a></td><td rowspan="1">1461907742263</td><td rowspan="1">2</td></tr><tr class="skippedeven"><td><a href="#m12">facebookUserTest</a></td><td rowspan="1">1461907742268</td><td rowspan="1">1</td></tr><tr class="skippedeven"><td><a href="#m13">invalidUserTest1</a></td><td rowspan="3">1461907741941</td><td rowspan="3">4</td></tr><tr class="skippedeven"><td><a href="#m14">invalidUserTest1</a></td></tr><tr class="skippedeven"><td><a href="#m15">invalidUserTest1</a></td></tr><tr class="skippedeven"><td><a href="#m16">validUserTestWithRememberMe</a></td><td rowspan="1">1461907742108</td><td rowspan="1">1</td></tr><tr class="skippedeven"><td><a href="#m17">validUserTestWithoutRememberMe</a></td><td rowspan="1">1461907742253</td><td rowspan="1">2</td></tr></tbody><tbody id="t1"><tr><th colspan="4">Search &#8212; failed</th></tr><tr class="failedeven"><td rowspan="4">com.spotify.test.login.SearchTest</td><td><a href="#m18">searchArtistSearchResultsTest</a></td><td rowspan="1">1461907763492</td><td rowspan="1">9503</td></tr><tr class="failedeven"><td><a href="#m19">searchArtistSuggestionTest</a></td><td rowspan="1">1461907757323</td><td rowspan="1">5987</td></tr><tr class="failedeven"><td><a href="#m20">searchRecentTest</a></td><td rowspan="1">1461907772998</td><td rowspan="1">6684</td></tr><tr class="failedeven"><td><a href="#m21">searchResultsWithEnterKeyTest</a></td><td rowspan="1">1461907779813</td><td rowspan="1">8170</td></tr><tr><th colspan="4">Search &#8212; passed</th></tr><tr class="passedeven"><td rowspan="4">com.spotify.test.login.SearchTest</td><td><a href="#m22">invalidSearchTest</a></td><td rowspan="1">1461907788099</td><td rowspan="1">5534</td></tr><tr class="passedeven"><td><a href="#m23">searchCharTest</a></td><td rowspan="1">1461907793701</td><td rowspan="1">2237</td></tr><tr class="passedeven"><td><a href="#m24">searchSongSuggestTest</a></td><td rowspan="1">1461907796005</td><td rowspan="1">2840</td></tr><tr class="passedeven"><td><a href="#m25">searchSongTest</a></td><td rowspan="1">1461907798914</td><td rowspan="1">4978</td></tr></tbody><tbody id="t2"><tr><th colspan="4">Play &#8212; passed</th></tr><tr class="passedeven"><td rowspan="3">com.spotify.test.login.PlayTest</td><td><a href="#m26">playAlbum</a></td><td rowspan="1">1461907841348</td><td rowspan="1">5757</td></tr><tr class="passedeven"><td><a href="#m27">playGeneral</a></td><td rowspan="1">1461907825143</td><td rowspan="1">3333</td></tr><tr class="passedeven"><td><a href="#m28">playSong</a></td><td rowspan="1">1461907829578</td><td rowspan="1">10679</td></tr></tbody><tbody id="t3"><tr><th colspan="4">AddSong &#8212; failed (configuration methods)</th></tr><tr class="failedeven"><td rowspan="1">com.spotify.test.login.AddtoMySongsTest</td><td><a href="#m29">beforeClass</a></td><td rowspan="1">1461907851551</td><td rowspan="1">0</td></tr><tr><th colspan="4">AddSong &#8212; skipped (configuration methods)</th></tr><tr class="skippedeven"><td rowspan="1">com.spotify.test.login.AddtoMySongsTest</td><td><a href="#m30">afterClass</a></td><td rowspan="1">1461907871687</td><td rowspan="1">0</td></tr><tr><th colspan="4">AddSong &#8212; skipped</th></tr><tr class="skippedeven"><td rowspan="2">com.spotify.test.login.AddtoMySongsTest</td><td><a href="#m31">addToMySongs</a></td><td rowspan="1">1461907871628</td><td rowspan="1">1</td></tr><tr class="skippedeven"><td><a href="#m32">removeFromMySongs</a></td><td rowspan="1">1461907871685</td><td rowspan="1">1</td></tr></tbody></table><h2>Login</h2><h3 id="m0">com.spotify.test.login.LoginTest#setupTest</h3><table class="result"><tr><th>Exception</th></tr><tr><td><div class="stacktrace">java.lang.AssertionError: expected [true] but found [false]
	at com.spotify.test.login.LoginTest.setupTest(LoginTest.java:32)
... Removed 29 stack frames</div></td></tr></table><p class="totop"><a href="#summary">back to summary</a></p><h3 id="m1">com.spotify.test.login.LoginTest#betweenTests</h3><table class="result"></table><p class="totop"><a href="#summary">back to summary</a></p><h3 id="m2">com.spotify.test.login.LoginTest#betweenTests</h3><table class="result"></table><p class="totop"><a href="#summary">back to summary</a></p><h3 id="m3">com.spotify.test.login.LoginTest#betweenTests</h3><table class="result"></table><p class="totop"><a href="#summary">back to summary</a></p><h3 id="m4">com.spotify.test.login.LoginTest#betweenTests</h3><table class="result"></table><p class="totop"><a href="#summary">back to summary</a></p><h3 id="m5">com.spotify.test.login.LoginTest#betweenTests</h3><table class="result"></table><p class="totop"><a href="#summary">back to summary</a></p><h3 id="m6">com.spotify.test.login.LoginTest#betweenTests</h3><table class="result"></table><p class="totop"><a href="#summary">back to summary</a></p><h3 id="m7">com.spotify.test.login.LoginTest#betweenTests</h3><table class="result"></table><p class="totop"><a href="#summary">back to summary</a></p><h3 id="m8">com.spotify.test.login.LoginTest#betweenTests</h3><table class="result"></table><p class="totop"><a href="#summary">back to summary</a></p><h3 id="m9">com.spotify.test.login.LoginTest#endTasks</h3><table class="result"></table><p class="totop"><a href="#summary">back to summary</a></p><h3 id="m10">com.spotify.test.login.LoginTest#checkRememberMe</h3><table class="result"></table><p class="totop"><a href="#summary">back to summary</a></p><h3 id="m11">com.spotify.test.login.LoginTest#checkWithoutRememberMe</h3><table class="result"></table><p class="totop"><a href="#summary">back to summary</a></p><h3 id="m12">com.spotify.test.login.LoginTest#facebookUserTest</h3><table class="result"></table><p class="totop"><a href="#summary">back to summary</a></p><h3 id="m13">com.spotify.test.login.LoginTest#invalidUserTest1</h3><table class="result"><tr class="param"><th>Parameter #1</th><th>Parameter #2</th></tr><tr class="param stripe"><td>aa</td><td>bbb</td></tr></table><p class="totop"><a href="#summary">back to summary</a></p><h3 id="m14">com.spotify.test.login.LoginTest#invalidUserTest1</h3><table class="result"><tr class="param"><th>Parameter #1</th><th>Parameter #2</th></tr><tr class="param stripe"><td>invaliduser</td><td>invalidPassword</td></tr></table><p class="totop"><a href="#summary">back to summary</a></p><h3 id="m15">com.spotify.test.login.LoginTest#invalidUserTest1</h3><table class="result"><tr class="param"><th>Parameter #1</th><th>Parameter #2</th></tr><tr class="param stripe"><td>invaliduser3</td><td>invalidPassword4</td></tr></table><p class="totop"><a href="#summary">back to summary</a></p><h3 id="m16">com.spotify.test.login.LoginTest#validUserTestWithRememberMe</h3><table class="result"><tr class="param"><th>Parameter #1</th><th>Parameter #2</th></tr><tr class="param stripe"><td>spotify_test_vaibhav</td><td>TestPassword</td></tr></table><p class="totop"><a href="#summary">back to summary</a></p><h3 id="m17">com.spotify.test.login.LoginTest#validUserTestWithoutRememberMe</h3><table class="result"><tr class="param"><th>Parameter #1</th><th>Parameter #2</th></tr><tr class="param stripe"><td>spotify_test_vaibhav</td><td>TestPassword</td></tr></table><p class="totop"><a href="#summary">back to summary</a></p><h2>Search</h2><h3 id="m18">com.spotify.test.login.SearchTest#searchArtistSearchResultsTest</h3><table class="result"><tr class="param"><th>Parameter #1</th></tr><tr class="param stripe"><td>coldplay</td></tr><tr><th>Exception</th></tr><tr><td><div class="stacktrace">java.lang.AssertionError: expected [true] but found [false]
	at com.spotify.test.login.SearchTest.searchArtistSearchResultsTest(SearchTest.java:48)
... Removed 29 stack frames</div></td></tr></table><p class="totop"><a href="#summary">back to summary</a></p><h3 id="m19">com.spotify.test.login.SearchTest#searchArtistSuggestionTest</h3><table class="result"><tr class="param"><th>Parameter #1</th></tr><tr class="param stripe"><td>coldplay</td></tr><tr><th>Exception</th></tr><tr><td><div class="stacktrace">java.lang.AssertionError: expected [true] but found [false]
	at com.spotify.test.login.SearchTest.searchArtistSuggestionTest(SearchTest.java:40)
... Removed 29 stack frames</div></td></tr></table><p class="totop"><a href="#summary">back to summary</a></p><h3 id="m20">com.spotify.test.login.SearchTest#searchRecentTest</h3><table class="result"><tr><th>Exception</th></tr><tr><td><div class="stacktrace">java.lang.AssertionError: expected [true] but found [false]
	at com.spotify.test.login.SearchTest.searchRecentTest(SearchTest.java:56)
... Removed 29 stack frames</div></td></tr></table><p class="totop"><a href="#summary">back to summary</a></p><h3 id="m21">com.spotify.test.login.SearchTest#searchResultsWithEnterKeyTest</h3><table class="result"><tr class="param"><th>Parameter #1</th></tr><tr class="param stripe"><td>coldplay</td></tr><tr><th>Exception</th></tr><tr><td><div class="stacktrace">java.lang.AssertionError: expected [true] but found [false]
	at com.spotify.test.login.SearchTest.searchResultsWithEnterKeyTest(SearchTest.java:66)
... Removed 29 stack frames</div></td></tr></table><p class="totop"><a href="#summary">back to summary</a></p><h3 id="m22">com.spotify.test.login.SearchTest#invalidSearchTest</h3><table class="result"><tr class="param"><th>Parameter #1</th></tr><tr class="param stripe"><td>!@^*)</td></tr></table><p class="totop"><a href="#summary">back to summary</a></p><h3 id="m23">com.spotify.test.login.SearchTest#searchCharTest</h3><table class="result"><tr class="param"><th>Parameter #1</th></tr><tr class="param stripe"><td>!@^*)</td></tr></table><p class="totop"><a href="#summary">back to summary</a></p><h3 id="m24">com.spotify.test.login.SearchTest#searchSongSuggestTest</h3><table class="result"><tr class="param"><th>Parameter #1</th></tr><tr class="param stripe"><td>hymn</td></tr></table><p class="totop"><a href="#summary">back to summary</a></p><h3 id="m25">com.spotify.test.login.SearchTest#searchSongTest</h3><table class="result"><tr class="param"><th>Parameter #1</th></tr><tr class="param stripe"><td>hymn</td></tr></table><p class="totop"><a href="#summary">back to summary</a></p><h2>Play</h2><h3 id="m26">com.spotify.test.login.PlayTest#playAlbum</h3><table class="result"><tr class="param"><th>Parameter #1</th></tr><tr class="param stripe"><td>hymn</td></tr></table><p class="totop"><a href="#summary">back to summary</a></p><h3 id="m27">com.spotify.test.login.PlayTest#playGeneral</h3><table class="result"></table><p class="totop"><a href="#summary">back to summary</a></p><h3 id="m28">com.spotify.test.login.PlayTest#playSong</h3><table class="result"><tr class="param"><th>Parameter #1</th></tr><tr class="param stripe"><td>hymn</td></tr></table><p class="totop"><a href="#summary">back to summary</a></p><h2>AddSong</h2><h3 id="m29">com.spotify.test.login.AddtoMySongsTest#beforeClass</h3><table class="result"><tr><th>Exception</th></tr><tr><td><div class="stacktrace">java.lang.AssertionError: expected [true] but found [false]
	at com.spotify.test.login.AddtoMySongsTest.beforeClass(AddtoMySongsTest.java:39)
... Removed 29 stack frames</div></td></tr></table><p class="totop"><a href="#summary">back to summary</a></p><h3 id="m30">com.spotify.test.login.AddtoMySongsTest#afterClass</h3><table class="result"></table><p class="totop"><a href="#summary">back to summary</a></p><h3 id="m31">com.spotify.test.login.AddtoMySongsTest#addToMySongs</h3><table class="result"><tr class="param"><th>Parameter #1</th></tr><tr class="param stripe"><td>Are you with me</td></tr></table><p class="totop"><a href="#summary">back to summary</a></p><h3 id="m32">com.spotify.test.login.AddtoMySongsTest#removeFromMySongs</h3><table class="result"><tr class="param"><th>Parameter #1</th></tr><tr class="param stripe"><td>Are you with me</td></tr></table><p class="totop"><a href="#summary">back to summary</a></p></body></html>