<?xml version="1.0" encoding="UTF-8"?>
<!-- Generated by org.testng.reporters.JUnitXMLReporter -->
<testsuite hostname="Vaibhavs-MacBook-Pro.local" name="Login" tests="8" failures="0" timestamp="19 Jun 2016 23:12:33 GMT" time="5.993" errors="0">
  <testcase name="@BeforeClass setupTest" time="0.0" classname="com.spotify.test.login.LoginTest">
    <failure type="java.lang.AssertionError" message="expected [true] but found [false]">
      <![CDATA[java.lang.AssertionError: expected [true] but found [false]
	at com.spotify.test.login.LoginTest.setupTest(LoginTest.java:32)
... Removed 29 stack frames]]>
    </failure>
  </testcase> <!-- @BeforeClass setupTest -->
  <testcase name="@BeforeMethod betweenTests" time="0.0" classname="com.spotify.test.login.LoginTest">
    <skipped/>
  </testcase> <!-- @BeforeMethod betweenTests -->
  <testcase name="@BeforeMethod betweenTests" time="0.0" classname="com.spotify.test.login.LoginTest">
    <skipped/>
  </testcase> <!-- @BeforeMethod betweenTests -->
  <testcase name="@BeforeMethod betweenTests" time="0.0" classname="com.spotify.test.login.LoginTest">
    <skipped/>
  </testcase> <!-- @BeforeMethod betweenTests -->
  <testcase name="@BeforeMethod betweenTests" time="0.0" classname="com.spotify.test.login.LoginTest">
    <skipped/>
  </testcase> <!-- @BeforeMethod betweenTests -->
  <testcase name="@BeforeMethod betweenTests" time="0.0" classname="com.spotify.test.login.LoginTest">
    <skipped/>
  </testcase> <!-- @BeforeMethod betweenTests -->
  <testcase name="@BeforeMethod betweenTests" time="0.0" classname="com.spotify.test.login.LoginTest">
    <skipped/>
  </testcase> <!-- @BeforeMethod betweenTests -->
  <testcase name="@BeforeMethod betweenTests" time="0.0" classname="com.spotify.test.login.LoginTest">
    <skipped/>
  </testcase> <!-- @BeforeMethod betweenTests -->
  <testcase name="@BeforeMethod betweenTests" time="0.0" classname="com.spotify.test.login.LoginTest">
    <skipped/>
  </testcase> <!-- @BeforeMethod betweenTests -->
  <testcase name="@AfterClass endTasks" time="0.0" classname="com.spotify.test.login.LoginTest">
    <skipped/>
  </testcase> <!-- @AfterClass endTasks -->
  <testcase name="invalidUserTest1" time="0.001" classname="com.spotify.test.login.LoginTest">
    <skipped/>
  </testcase> <!-- invalidUserTest1 -->
  <testcase name="invalidUserTest1" time="0.001" classname="com.spotify.test.login.LoginTest">
    <skipped/>
  </testcase> <!-- invalidUserTest1 -->
  <testcase name="invalidUserTest1" time="0.001" classname="com.spotify.test.login.LoginTest">
    <skipped/>
  </testcase> <!-- invalidUserTest1 -->
  <testcase name="validUserTestWithRememberMe" time="0.001" classname="com.spotify.test.login.LoginTest">
    <skipped/>
  </testcase> <!-- validUserTestWithRememberMe -->
  <testcase name="checkRememberMe" time="0.001" classname="com.spotify.test.login.LoginTest">
    <skipped/>
  </testcase> <!-- checkRememberMe -->
  <testcase name="validUserTestWithoutRememberMe" time="0.002" classname="com.spotify.test.login.LoginTest">
    <skipped/>
  </testcase> <!-- validUserTestWithoutRememberMe -->
  <testcase name="checkWithoutRememberMe" time="0.002" classname="com.spotify.test.login.LoginTest">
    <skipped/>
  </testcase> <!-- checkWithoutRememberMe -->
  <testcase name="facebookUserTest" time="0.001" classname="com.spotify.test.login.LoginTest">
    <skipped/>
  </testcase> <!-- facebookUserTest -->
</testsuite> <!-- Login -->
