<html>
<head>
<title>TestNG:  Login</title>
<link href="../testng.css" rel="stylesheet" type="text/css" />
<link href="../my-testng.css" rel="stylesheet" type="text/css" />

<style type="text/css">
.log { display: none;} 
.stack-trace { display: none;} 
</style>
<script type="text/javascript">
<!--
function flip(e) {
  current = e.style.display;
  if (current == 'block') {
    e.style.display = 'none';
    return 0;
  }
  else {
    e.style.display = 'block';
    return 1;
  }
}

function toggleBox(szDivId, elem, msg1, msg2)
{
  var res = -1;  if (document.getElementById) {
    res = flip(document.getElementById(szDivId));
  }
  else if (document.all) {
    // this is the way old msie versions work
    res = flip(document.all[szDivId]);
  }
  if(elem) {
    if(res == 0) elem.innerHTML = msg1; else elem.innerHTML = msg2;
  }

}

function toggleAllBoxes() {
  if (document.getElementsByTagName) {
    d = document.getElementsByTagName('div');
    for (i = 0; i < d.length; i++) {
      if (d[i].className == 'log') {
        flip(d[i]);
      }
    }
  }
}

// -->
</script>

</head>
<body>
<h2 align='center'>Login</h2><table border='1' align="center">
<tr>
<td>Tests passed/Failed/Skipped:</td><td>0/0/8</td>
</tr><tr>
<td>Started on:</td><td>Sun Jun 19 19:12:27 EDT 2016</td>
</tr>
<tr><td>Total time:</td><td>5 seconds (5993 ms)</td>
</tr><tr>
<td>Included groups:</td><td></td>
</tr><tr>
<td>Excluded groups:</td><td></td>
</tr>
</table><p/>
<small><i>(Hover the method name to see the test class name)</i></small><p/>
<table width='100%' border='1' class='invocation-failed'>
<tr><td colspan='4' align='center'><b>FAILED CONFIGURATIONS</b></td></tr>
<tr><td><b>Test method</b></td>
<td width="30%"><b>Exception</b></td>
<td width="10%"><b>Time (seconds)</b></td>
<td><b>Instance</b></td>
</tr>
<tr>
<td title='com.spotify.test.login.LoginTest.setupTest()'><b>setupTest</b><br>Test class: com.spotify.test.login.LoginTest</td>
<td><div><pre>java.lang.AssertionError: expected [true] but found [false]
	at com.spotify.test.login.LoginTest.setupTest(LoginTest.java:32)
... Removed 29 stack frames</pre></div><a href='#' onClick='toggleBox("stack-trace1413246829", this, "Click to show all stack frames", "Click to hide stack frames")'>Click to show all stack frames</a>
<div class='stack-trace' id='stack-trace1413246829'><pre>java.lang.AssertionError: expected [true] but found [false]
	at org.testng.Assert.fail(Assert.java:94)
	at org.testng.Assert.failNotEquals(Assert.java:513)
	at org.testng.Assert.assertTrue(Assert.java:42)
	at org.testng.Assert.assertTrue(Assert.java:52)
	at com.spotify.test.login.LoginTest.setupTest(LoginTest.java:32)
	at sun.reflect.NativeMethodAccessorImpl.invoke0(Native Method)
	at sun.reflect.NativeMethodAccessorImpl.invoke(NativeMethodAccessorImpl.java:62)
	at sun.reflect.DelegatingMethodAccessorImpl.invoke(DelegatingMethodAccessorImpl.java:43)
	at java.lang.reflect.Method.invoke(Method.java:497)
	at org.testng.internal.MethodInvocationHelper.invokeMethod(MethodInvocationHelper.java:86)
	at org.testng.internal.Invoker.invokeConfigurationMethod(Invoker.java:515)
	at org.testng.internal.Invoker.invokeConfigurations(Invoker.java:216)
	at org.testng.internal.Invoker.invokeConfigurations(Invoker.java:143)
	at org.testng.internal.TestMethodWorker.invokeBeforeClassMethods(TestMethodWorker.java:178)
	at org.testng.internal.TestMethodWorker.run(TestMethodWorker.java:108)
	at org.testng.TestRunner.privateRun(TestRunner.java:778)
	at org.testng.TestRunner.run(TestRunner.java:632)
	at org.testng.SuiteRunner.runTest(SuiteRunner.java:366)
	at org.testng.SuiteRunner.runSequentially(SuiteRunner.java:361)
	at org.testng.SuiteRunner.privateRun(SuiteRunner.java:319)
	at org.testng.SuiteRunner.run(SuiteRunner.java:268)
	at org.testng.SuiteRunnerWorker.runSuite(SuiteRunnerWorker.java:52)
	at org.testng.SuiteRunnerWorker.run(SuiteRunnerWorker.java:86)
	at org.testng.TestNG.runSuitesSequentially(TestNG.java:1225)
	at org.testng.TestNG.runSuitesLocally(TestNG.java:1150)
	at org.testng.TestNG.runSuites(TestNG.java:1075)
	at org.testng.TestNG.run(TestNG.java:1047)
	at org.testng.remote.AbstractRemoteTestNG.run(AbstractRemoteTestNG.java:126)
	at org.testng.remote.RemoteTestNG.initAndRun(RemoteTestNG.java:137)
	at org.testng.remote.RemoteTestNG.main(RemoteTestNG.java:58)
</pre></div></td>
<td>0</td>
<td>com.spotify.test.login.LoginTest@71423665</td></tr>
</table><p>
<table width='100%' border='1' class='invocation-skipped'>
<tr><td colspan='4' align='center'><b>SKIPPED CONFIGURATIONS</b></td></tr>
<tr><td><b>Test method</b></td>
<td width="30%"><b>Exception</b></td>
<td width="10%"><b>Time (seconds)</b></td>
<td><b>Instance</b></td>
</tr>
<tr>
<td title='com.spotify.test.login.LoginTest.betweenTests()'><b>betweenTests</b><br>Test class: com.spotify.test.login.LoginTest</td>
<td></td>
<td>0</td>
<td>com.spotify.test.login.LoginTest@71423665</td></tr>
<tr>
<td title='com.spotify.test.login.LoginTest.betweenTests()'><b>betweenTests</b><br>Test class: com.spotify.test.login.LoginTest</td>
<td></td>
<td>0</td>
<td>com.spotify.test.login.LoginTest@71423665</td></tr>
<tr>
<td title='com.spotify.test.login.LoginTest.betweenTests()'><b>betweenTests</b><br>Test class: com.spotify.test.login.LoginTest</td>
<td></td>
<td>0</td>
<td>com.spotify.test.login.LoginTest@71423665</td></tr>
<tr>
<td title='com.spotify.test.login.LoginTest.betweenTests()'><b>betweenTests</b><br>Test class: com.spotify.test.login.LoginTest</td>
<td></td>
<td>0</td>
<td>com.spotify.test.login.LoginTest@71423665</td></tr>
<tr>
<td title='com.spotify.test.login.LoginTest.betweenTests()'><b>betweenTests</b><br>Test class: com.spotify.test.login.LoginTest</td>
<td></td>
<td>0</td>
<td>com.spotify.test.login.LoginTest@71423665</td></tr>
<tr>
<td title='com.spotify.test.login.LoginTest.betweenTests()'><b>betweenTests</b><br>Test class: com.spotify.test.login.LoginTest</td>
<td></td>
<td>0</td>
<td>com.spotify.test.login.LoginTest@71423665</td></tr>
<tr>
<td title='com.spotify.test.login.LoginTest.betweenTests()'><b>betweenTests</b><br>Test class: com.spotify.test.login.LoginTest</td>
<td></td>
<td>0</td>
<td>com.spotify.test.login.LoginTest@71423665</td></tr>
<tr>
<td title='com.spotify.test.login.LoginTest.betweenTests()'><b>betweenTests</b><br>Test class: com.spotify.test.login.LoginTest</td>
<td></td>
<td>0</td>
<td>com.spotify.test.login.LoginTest@71423665</td></tr>
<tr>
<td title='com.spotify.test.login.LoginTest.endTasks()'><b>endTasks</b><br>Test class: com.spotify.test.login.LoginTest</td>
<td></td>
<td>0</td>
<td>com.spotify.test.login.LoginTest@71423665</td></tr>
</table><p>
<table width='100%' border='1' class='invocation-skipped'>
<tr><td colspan='4' align='center'><b>SKIPPED TESTS</b></td></tr>
<tr><td><b>Test method</b></td>
<td width="30%"><b>Exception</b></td>
<td width="10%"><b>Time (seconds)</b></td>
<td><b>Instance</b></td>
</tr>
<tr>
<td title='com.spotify.test.login.LoginTest.checkRememberMe()'><b>checkRememberMe</b><br>Test class: com.spotify.test.login.LoginTest</td>
<td></td>
<td>0</td>
<td>com.spotify.test.login.LoginTest@71423665</td></tr>
<tr>
<td title='com.spotify.test.login.LoginTest.checkWithoutRememberMe()'><b>checkWithoutRememberMe</b><br>Test class: com.spotify.test.login.LoginTest</td>
<td></td>
<td>0</td>
<td>com.spotify.test.login.LoginTest@71423665</td></tr>
<tr>
<td title='com.spotify.test.login.LoginTest.facebookUserTest()'><b>facebookUserTest</b><br>Test class: com.spotify.test.login.LoginTest</td>
<td></td>
<td>0</td>
<td>com.spotify.test.login.LoginTest@71423665</td></tr>
<tr>
<td title='com.spotify.test.login.LoginTest.invalidUserTest1()'><b>invalidUserTest1</b><br>Test class: com.spotify.test.login.LoginTest<br>Parameters: aa, bbb</td>
<td></td>
<td>0</td>
<td>com.spotify.test.login.LoginTest@71423665</td></tr>
<tr>
<td title='com.spotify.test.login.LoginTest.invalidUserTest1()'><b>invalidUserTest1</b><br>Test class: com.spotify.test.login.LoginTest<br>Parameters: invaliduser, invalidPassword</td>
<td></td>
<td>0</td>
<td>com.spotify.test.login.LoginTest@71423665</td></tr>
<tr>
<td title='com.spotify.test.login.LoginTest.invalidUserTest1()'><b>invalidUserTest1</b><br>Test class: com.spotify.test.login.LoginTest<br>Parameters: invaliduser3, invalidPassword4</td>
<td></td>
<td>0</td>
<td>com.spotify.test.login.LoginTest@71423665</td></tr>
<tr>
<td title='com.spotify.test.login.LoginTest.validUserTestWithRememberMe()'><b>validUserTestWithRememberMe</b><br>Test class: com.spotify.test.login.LoginTest<br>Parameters: spotify_test_vaibhav, TestPassword</td>
<td></td>
<td>0</td>
<td>com.spotify.test.login.LoginTest@71423665</td></tr>
<tr>
<td title='com.spotify.test.login.LoginTest.validUserTestWithoutRememberMe()'><b>validUserTestWithoutRememberMe</b><br>Test class: com.spotify.test.login.LoginTest<br>Parameters: spotify_test_vaibhav, TestPassword</td>
<td></td>
<td>0</td>
<td>com.spotify.test.login.LoginTest@71423665</td></tr>
</table><p>
</body>
</html>